mode: set
github.com/tinywasm/binary/binary.go:23.30,24.17 1 1
github.com/tinywasm/binary/binary.go:24.17,26.3 1 1
github.com/tinywasm/binary/binary.go:27.2,27.15 1 1
github.com/tinywasm/binary/binary.go:33.38,36.30 2 1
github.com/tinywasm/binary/binary.go:37.15,40.55 3 1
github.com/tinywasm/binary/binary.go:40.55,43.4 2 1
github.com/tinywasm/binary/binary.go:43.9,45.4 1 1
github.com/tinywasm/binary/binary.go:46.17,47.35 1 1
github.com/tinywasm/binary/binary.go:48.10,49.65 1 1
github.com/tinywasm/binary/binary.go:56.38,59.28 2 1
github.com/tinywasm/binary/binary.go:60.14,61.33 1 1
github.com/tinywasm/binary/binary.go:62.17,63.37 1 1
github.com/tinywasm/binary/binary.go:64.10,65.63 1 1
github.com/tinywasm/binary/binary.go:71.34,73.2 1 1
github.com/tinywasm/binary/binary.go:100.41,103.27 2 1
github.com/tinywasm/binary/binary.go:103.27,104.44 1 1
github.com/tinywasm/binary/binary.go:104.44,106.4 1 1
github.com/tinywasm/binary/binary.go:109.2,113.19 3 1
github.com/tinywasm/binary/binary.go:113.19,117.4 1 1
github.com/tinywasm/binary/binary.go:119.2,120.19 1 1
github.com/tinywasm/binary/binary.go:120.19,124.4 1 1
github.com/tinywasm/binary/binary.go:127.2,127.11 1 1
github.com/tinywasm/binary/binary.go:131.61,142.2 5 1
github.com/tinywasm/binary/binary.go:145.59,154.2 5 1
github.com/tinywasm/binary/binary.go:156.63,159.21 2 1
github.com/tinywasm/binary/binary.go:159.21,161.3 1 1
github.com/tinywasm/binary/binary.go:161.8,163.43 1 1
github.com/tinywasm/binary/binary.go:163.43,165.4 1 1
github.com/tinywasm/binary/binary.go:165.9,170.4 1 1
github.com/tinywasm/binary/binary.go:172.2,177.12 4 1
github.com/tinywasm/binary/binary.go:181.62,184.35 3 1
github.com/tinywasm/binary/binary.go:184.35,185.22 1 1
github.com/tinywasm/binary/binary.go:185.22,187.4 1 1
github.com/tinywasm/binary/binary.go:189.2,189.19 1 1
github.com/tinywasm/binary/binary.go:193.79,196.35 3 1
github.com/tinywasm/binary/binary.go:196.35,197.25 1 1
github.com/tinywasm/binary/binary.go:197.25,199.4 1 1
github.com/tinywasm/binary/binary.go:201.2,201.24 1 1
github.com/tinywasm/binary/binary.go:205.73,209.29 3 1
github.com/tinywasm/binary/binary.go:209.29,212.3 1 1
github.com/tinywasm/binary/binary.go:214.2,218.4 1 1
github.com/tinywasm/binary/binary.go:222.77,223.14 1 1
github.com/tinywasm/binary/binary.go:223.14,225.3 1 1
github.com/tinywasm/binary/binary.go:229.2,229.41 1 1
github.com/tinywasm/binary/binary.go:229.41,231.3 1 1
github.com/tinywasm/binary/binary.go:234.2,235.16 2 1
github.com/tinywasm/binary/binary.go:235.16,237.3 1 1
github.com/tinywasm/binary/binary.go:240.2,242.15 2 1
github.com/tinywasm/binary/codecs.go:28.80,30.25 2 1
github.com/tinywasm/binary/codecs.go:30.25,31.61 1 1
github.com/tinywasm/binary/codecs.go:31.61,33.4 1 1
github.com/tinywasm/binary/codecs.go:35.2,35.14 1 1
github.com/tinywasm/binary/codecs.go:42.83,44.44 1 1
github.com/tinywasm/binary/codecs.go:44.44,47.3 2 1
github.com/tinywasm/binary/codecs.go:50.2,51.9 2 1
github.com/tinywasm/binary/codecs.go:51.9,52.20 1 1
github.com/tinywasm/binary/codecs.go:52.20,54.4 1 1
github.com/tinywasm/binary/codecs.go:55.3,57.10 3 1
github.com/tinywasm/binary/codecs.go:57.10,59.4 1 1
github.com/tinywasm/binary/codecs.go:62.2,63.16 2 1
github.com/tinywasm/binary/codecs.go:63.16,65.3 1 1
github.com/tinywasm/binary/codecs.go:67.2,68.16 2 1
github.com/tinywasm/binary/codecs.go:68.16,70.3 1 1
github.com/tinywasm/binary/codecs.go:71.2,71.12 1 1
github.com/tinywasm/binary/codecs.go:74.77,77.16 2 1
github.com/tinywasm/binary/codecs.go:77.16,79.3 1 1
github.com/tinywasm/binary/codecs.go:81.2,82.11 2 1
github.com/tinywasm/binary/codecs.go:82.11,84.37 2 1
github.com/tinywasm/binary/codecs.go:84.37,86.4 1 1
github.com/tinywasm/binary/codecs.go:90.2,90.30 1 1
github.com/tinywasm/binary/codecs.go:90.30,92.3 1 1
github.com/tinywasm/binary/codecs.go:94.2,94.16 1 1
github.com/tinywasm/binary/codecs.go:94.16,96.3 1 1
github.com/tinywasm/binary/codecs.go:98.2,99.9 2 1
github.com/tinywasm/binary/codecs.go:99.9,101.3 1 1
github.com/tinywasm/binary/codecs.go:103.2,103.29 1 1
github.com/tinywasm/binary/codecs.go:107.80,109.25 2 1
github.com/tinywasm/binary/codecs.go:109.25,112.53 2 1
github.com/tinywasm/binary/codecs.go:112.53,114.4 1 1
github.com/tinywasm/binary/codecs.go:116.2,116.12 1 1
github.com/tinywasm/binary/codecs.go:126.80,129.25 3 1
github.com/tinywasm/binary/codecs.go:129.25,130.61 1 1
github.com/tinywasm/binary/codecs.go:130.61,132.4 1 1
github.com/tinywasm/binary/codecs.go:134.2,134.14 1 1
github.com/tinywasm/binary/codecs.go:138.80,140.51 2 1
github.com/tinywasm/binary/codecs.go:140.51,145.31 4 1
github.com/tinywasm/binary/codecs.go:145.31,148.52 3 1
github.com/tinywasm/binary/codecs.go:148.52,150.5 1 1
github.com/tinywasm/binary/codecs.go:153.2,153.12 1 1
github.com/tinywasm/binary/codecs.go:164.85,167.25 3 1
github.com/tinywasm/binary/codecs.go:167.25,171.13 4 1
github.com/tinywasm/binary/codecs.go:171.13,172.59 1 1
github.com/tinywasm/binary/codecs.go:172.59,174.5 1 1
github.com/tinywasm/binary/codecs.go:177.2,177.14 1 1
github.com/tinywasm/binary/codecs.go:181.85,184.51 3 1
github.com/tinywasm/binary/codecs.go:184.51,188.31 4 1
github.com/tinywasm/binary/codecs.go:188.31,189.41 1 1
github.com/tinywasm/binary/codecs.go:189.41,190.19 1 1
github.com/tinywasm/binary/codecs.go:190.19,192.6 1 1
github.com/tinywasm/binary/codecs.go:194.5,198.60 4 1
github.com/tinywasm/binary/codecs.go:198.60,200.6 1 1
github.com/tinywasm/binary/codecs.go:202.5,202.20 1 1
github.com/tinywasm/binary/codecs.go:206.2,206.12 1 1
github.com/tinywasm/binary/codecs.go:214.77,218.11 3 1
github.com/tinywasm/binary/codecs.go:218.11,220.3 1 1
github.com/tinywasm/binary/codecs.go:221.2,221.12 1 1
github.com/tinywasm/binary/codecs.go:225.77,227.51 2 1
github.com/tinywasm/binary/codecs.go:227.51,229.43 2 1
github.com/tinywasm/binary/codecs.go:229.43,231.4 1 1
github.com/tinywasm/binary/codecs.go:233.2,233.12 1 1
github.com/tinywasm/binary/codecs.go:241.77,244.25 3 1
github.com/tinywasm/binary/codecs.go:244.25,246.3 1 1
github.com/tinywasm/binary/codecs.go:247.2,247.12 1 1
github.com/tinywasm/binary/codecs.go:251.77,253.51 2 1
github.com/tinywasm/binary/codecs.go:253.51,256.31 3 1
github.com/tinywasm/binary/codecs.go:256.31,258.41 2 1
github.com/tinywasm/binary/codecs.go:258.41,260.5 1 1
github.com/tinywasm/binary/codecs.go:260.10,262.5 1 1
github.com/tinywasm/binary/codecs.go:265.2,265.12 1 1
github.com/tinywasm/binary/codecs.go:276.80,279.14 3 1
github.com/tinywasm/binary/codecs.go:279.14,280.26 1 1
github.com/tinywasm/binary/codecs.go:280.26,282.4 1 1
github.com/tinywasm/binary/codecs.go:283.8,284.26 1 1
github.com/tinywasm/binary/codecs.go:284.26,286.4 1 1
github.com/tinywasm/binary/codecs.go:288.2,288.14 1 1
github.com/tinywasm/binary/codecs.go:292.80,294.51 2 1
github.com/tinywasm/binary/codecs.go:294.51,298.31 4 1
github.com/tinywasm/binary/codecs.go:298.31,299.16 1 1
github.com/tinywasm/binary/codecs.go:299.16,301.19 2 1
github.com/tinywasm/binary/codecs.go:301.19,303.6 1 1
github.com/tinywasm/binary/codecs.go:304.5,304.26 1 1
github.com/tinywasm/binary/codecs.go:305.10,307.19 2 1
github.com/tinywasm/binary/codecs.go:307.19,309.6 1 1
github.com/tinywasm/binary/codecs.go:310.5,310.27 1 1
github.com/tinywasm/binary/codecs.go:314.2,314.12 1 1
github.com/tinywasm/binary/codecs.go:324.82,325.16 1 1
github.com/tinywasm/binary/codecs.go:325.16,328.3 2 1
github.com/tinywasm/binary/codecs.go:330.2,331.43 2 1
github.com/tinywasm/binary/codecs.go:335.82,337.16 2 1
github.com/tinywasm/binary/codecs.go:337.16,339.3 1 1
github.com/tinywasm/binary/codecs.go:340.2,340.11 1 1
github.com/tinywasm/binary/codecs.go:340.11,342.3 1 1
github.com/tinywasm/binary/codecs.go:345.2,345.16 1 1
github.com/tinywasm/binary/codecs.go:345.16,351.3 4 1
github.com/tinywasm/binary/codecs.go:353.2,354.38 2 1
github.com/tinywasm/binary/codecs.go:367.80,368.22 1 1
github.com/tinywasm/binary/codecs.go:368.22,369.63 1 1
github.com/tinywasm/binary/codecs.go:369.63,371.4 1 1
github.com/tinywasm/binary/codecs.go:373.2,373.14 1 1
github.com/tinywasm/binary/codecs.go:377.80,378.22 1 1
github.com/tinywasm/binary/codecs.go:378.22,379.63 1 1
github.com/tinywasm/binary/codecs.go:379.63,381.4 1 1
github.com/tinywasm/binary/codecs.go:383.2,383.12 1 1
github.com/tinywasm/binary/codecs.go:391.74,395.2 3 1
github.com/tinywasm/binary/codecs.go:398.74,400.41 2 1
github.com/tinywasm/binary/codecs.go:400.41,402.3 1 1
github.com/tinywasm/binary/codecs.go:403.2,403.12 1 1
github.com/tinywasm/binary/codecs.go:411.72,415.2 3 1
github.com/tinywasm/binary/codecs.go:418.72,420.41 2 1
github.com/tinywasm/binary/codecs.go:420.41,422.3 1 1
github.com/tinywasm/binary/codecs.go:423.2,423.12 1 1
github.com/tinywasm/binary/codecs.go:431.74,435.2 3 1
github.com/tinywasm/binary/codecs.go:438.74,440.41 2 1
github.com/tinywasm/binary/codecs.go:440.41,442.3 1 1
github.com/tinywasm/binary/codecs.go:443.2,444.12 2 1
github.com/tinywasm/binary/codecs.go:452.75,456.2 3 1
github.com/tinywasm/binary/codecs.go:459.75,461.42 2 1
github.com/tinywasm/binary/codecs.go:461.42,463.3 1 1
github.com/tinywasm/binary/codecs.go:464.2,465.12 2 1
github.com/tinywasm/binary/codecs.go:473.75,477.2 3 1
github.com/tinywasm/binary/codecs.go:480.75,482.42 2 1
github.com/tinywasm/binary/codecs.go:482.42,484.3 1 1
github.com/tinywasm/binary/codecs.go:485.2,485.12 1 1
github.com/tinywasm/binary/codecs.go:493.75,497.2 3 1
github.com/tinywasm/binary/codecs.go:500.75,502.42 2 1
github.com/tinywasm/binary/codecs.go:502.42,504.3 1 1
github.com/tinywasm/binary/codecs.go:505.2,505.12 1 1
github.com/tinywasm/binary/codecs.go:516.71,520.18 4 1
github.com/tinywasm/binary/codecs.go:520.18,521.59 1 1
github.com/tinywasm/binary/codecs.go:521.59,523.4 1 1
github.com/tinywasm/binary/codecs.go:524.3,524.63 1 1
github.com/tinywasm/binary/codecs.go:524.63,526.4 1 1
github.com/tinywasm/binary/codecs.go:528.2,528.14 1 1
github.com/tinywasm/binary/codecs.go:532.71,534.42 2 1
github.com/tinywasm/binary/codecs.go:534.42,539.31 5 1
github.com/tinywasm/binary/codecs.go:539.31,541.56 2 1
github.com/tinywasm/binary/codecs.go:541.56,543.5 1 1
github.com/tinywasm/binary/codecs.go:544.4,545.58 2 1
github.com/tinywasm/binary/codecs.go:545.58,547.5 1 1
github.com/tinywasm/binary/codecs.go:548.4,548.38 1 1
github.com/tinywasm/binary/codecs.go:550.3,550.17 1 1
github.com/tinywasm/binary/codecs.go:552.2,552.12 1 1
github.com/tinywasm/binary/convert.go:8.33,10.2 1 1
github.com/tinywasm/binary/convert.go:13.31,19.2 3 1
github.com/tinywasm/binary/convert.go:21.38,23.2 1 1
github.com/tinywasm/binary/convert.go:25.38,27.2 1 1
github.com/tinywasm/binary/decoder.go:21.39,25.2 1 1
github.com/tinywasm/binary/decoder.go:28.45,30.36 1 1
github.com/tinywasm/binary/decoder.go:30.36,32.58 2 1
github.com/tinywasm/binary/decoder.go:32.58,34.24 2 1
github.com/tinywasm/binary/decoder.go:34.24,36.5 1 1
github.com/tinywasm/binary/decoder.go:40.2,42.14 3 1
github.com/tinywasm/binary/decoder.go:42.14,44.3 1 1
github.com/tinywasm/binary/decoder.go:47.2,50.36 4 1
github.com/tinywasm/binary/decoder.go:50.36,52.3 1 1
github.com/tinywasm/binary/decoder.go:54.2,54.51 1 1
github.com/tinywasm/binary/decoder.go:54.51,56.3 1 1
github.com/tinywasm/binary/decoder.go:58.2,58.8 1 1
github.com/tinywasm/binary/decoder.go:62.47,64.2 1 1
github.com/tinywasm/binary/decoder.go:67.49,69.2 1 1
github.com/tinywasm/binary/decoder.go:72.47,74.2 1 1
github.com/tinywasm/binary/decoder.go:77.56,79.44 2 1
github.com/tinywasm/binary/decoder.go:79.44,82.3 2 1
github.com/tinywasm/binary/decoder.go:83.2,83.8 1 1
github.com/tinywasm/binary/decoder.go:87.56,89.44 2 1
github.com/tinywasm/binary/decoder.go:89.44,92.3 2 1
github.com/tinywasm/binary/decoder.go:93.2,93.8 1 1
github.com/tinywasm/binary/decoder.go:97.56,99.44 2 1
github.com/tinywasm/binary/decoder.go:99.44,103.3 2 1
github.com/tinywasm/binary/decoder.go:104.2,104.8 1 1
github.com/tinywasm/binary/decoder.go:108.58,110.41 2 1
github.com/tinywasm/binary/decoder.go:110.41,112.3 1 1
github.com/tinywasm/binary/decoder.go:113.2,113.8 1 1
github.com/tinywasm/binary/decoder.go:117.58,119.41 2 1
github.com/tinywasm/binary/decoder.go:119.41,121.3 1 1
github.com/tinywasm/binary/decoder.go:122.2,122.8 1 1
github.com/tinywasm/binary/decoder.go:126.44,129.2 2 1
github.com/tinywasm/binary/decoder.go:132.56,134.51 2 1
github.com/tinywasm/binary/decoder.go:134.51,136.14 2 1
github.com/tinywasm/binary/decoder.go:136.14,138.38 2 1
github.com/tinywasm/binary/decoder.go:138.38,140.5 1 1
github.com/tinywasm/binary/decoder.go:141.9,142.44 1 1
github.com/tinywasm/binary/decoder.go:142.44,144.5 1 1
github.com/tinywasm/binary/decoder.go:147.2,147.8 1 1
github.com/tinywasm/binary/decoder.go:154.48,156.2 1 1
github.com/tinywasm/binary/decoder.go:160.53,162.42 2 1
github.com/tinywasm/binary/decoder.go:162.42,164.3 1 1
github.com/tinywasm/binary/decoder.go:165.2,165.8 1 1
github.com/tinywasm/binary/decoder.go:169.52,170.21 1 1
github.com/tinywasm/binary/decoder.go:170.21,172.3 1 1
github.com/tinywasm/binary/decoder.go:172.8,173.44 1 1
github.com/tinywasm/binary/decoder.go:173.44,175.4 1 1
github.com/tinywasm/binary/decoder.go:175.9,177.4 1 1
github.com/tinywasm/binary/decoder.go:179.2,179.11 1 1
github.com/tinywasm/binary/decoder.go:183.75,184.17 1 1
github.com/tinywasm/binary/decoder.go:184.17,186.3 1 1
github.com/tinywasm/binary/decoder.go:189.2,189.34 1 1
github.com/tinywasm/binary/encoder.go:22.41,26.2 1 1
github.com/tinywasm/binary/encoder.go:29.54,33.2 3 1
github.com/tinywasm/binary/encoder.go:36.38,38.2 1 1
github.com/tinywasm/binary/encoder.go:41.45,42.14 1 1
github.com/tinywasm/binary/encoder.go:42.14,44.3 1 1
github.com/tinywasm/binary/encoder.go:47.2,47.36 1 1
github.com/tinywasm/binary/encoder.go:47.36,49.58 2 1
github.com/tinywasm/binary/encoder.go:49.58,51.24 2 1
github.com/tinywasm/binary/encoder.go:51.24,53.5 1 1
github.com/tinywasm/binary/encoder.go:58.2,63.36 5 1
github.com/tinywasm/binary/encoder.go:63.36,65.3 1 1
github.com/tinywasm/binary/encoder.go:67.2,67.54 1 1
github.com/tinywasm/binary/encoder.go:67.54,69.3 1 1
github.com/tinywasm/binary/encoder.go:72.2,72.16 1 1
github.com/tinywasm/binary/encoder.go:72.16,74.3 1 1
github.com/tinywasm/binary/encoder.go:75.2,75.8 1 1
github.com/tinywasm/binary/encoder.go:79.35,80.18 1 1
github.com/tinywasm/binary/encoder.go:80.18,82.3 1 1
github.com/tinywasm/binary/encoder.go:86.40,88.11 2 1
github.com/tinywasm/binary/encoder.go:88.11,90.3 1 1
github.com/tinywasm/binary/encoder.go:92.2,93.16 2 1
github.com/tinywasm/binary/encoder.go:93.16,97.3 3 1
github.com/tinywasm/binary/encoder.go:98.2,99.30 2 1
github.com/tinywasm/binary/encoder.go:103.42,105.16 2 1
github.com/tinywasm/binary/encoder.go:105.16,109.3 3 1
github.com/tinywasm/binary/encoder.go:110.2,111.30 2 1
github.com/tinywasm/binary/encoder.go:115.41,119.2 3 1
github.com/tinywasm/binary/encoder.go:122.41,128.2 5 1
github.com/tinywasm/binary/encoder.go:131.41,141.2 9 1
github.com/tinywasm/binary/encoder.go:144.43,146.2 1 1
github.com/tinywasm/binary/encoder.go:149.43,151.2 1 1
github.com/tinywasm/binary/encoder.go:154.37,156.7 2 1
github.com/tinywasm/binary/encoder.go:156.7,158.3 1 1
github.com/tinywasm/binary/encoder.go:159.2,159.24 1 1
github.com/tinywasm/binary/encoder.go:163.41,166.2 2 1
github.com/tinywasm/binary/encoder.go:169.75,170.17 1 1
github.com/tinywasm/binary/encoder.go:170.17,172.3 1 1
github.com/tinywasm/binary/encoder.go:175.2,175.34 1 1
github.com/tinywasm/binary/reader.go:29.36,30.23 1 1
github.com/tinywasm/binary/reader.go:31.11,32.29 1 1
github.com/tinywasm/binary/reader.go:33.21,34.35 1 1
github.com/tinywasm/binary/reader.go:35.20,36.11 1 1
github.com/tinywasm/binary/reader.go:37.10,39.10 2 1
github.com/tinywasm/binary/reader.go:39.10,41.4 1 1
github.com/tinywasm/binary/reader.go:42.3,42.13 1 1
github.com/tinywasm/binary/reader.go:55.44,57.2 1 1
github.com/tinywasm/binary/reader.go:61.33,62.38 1 1
github.com/tinywasm/binary/reader.go:62.38,64.3 1 1
github.com/tinywasm/binary/reader.go:65.2,65.45 1 1
github.com/tinywasm/binary/reader.go:72.36,72.67 1 1
github.com/tinywasm/binary/reader.go:75.57,76.38 1 1
github.com/tinywasm/binary/reader.go:76.38,78.3 1 1
github.com/tinywasm/binary/reader.go:80.2,82.8 3 1
github.com/tinywasm/binary/reader.go:86.48,87.38 1 1
github.com/tinywasm/binary/reader.go:87.38,89.3 1 1
github.com/tinywasm/binary/reader.go:91.2,93.15 3 1
github.com/tinywasm/binary/reader.go:100.52,101.46 1 1
github.com/tinywasm/binary/reader.go:101.46,103.3 1 1
github.com/tinywasm/binary/reader.go:105.2,107.36 3 1
github.com/tinywasm/binary/reader.go:111.53,113.41 2 1
github.com/tinywasm/binary/reader.go:113.41,114.39 1 1
github.com/tinywasm/binary/reader.go:114.39,116.4 1 1
github.com/tinywasm/binary/reader.go:118.3,120.15 3 1
github.com/tinywasm/binary/reader.go:120.15,121.38 1 1
github.com/tinywasm/binary/reader.go:121.38,123.5 1 1
github.com/tinywasm/binary/reader.go:124.4,124.32 1 1
github.com/tinywasm/binary/reader.go:126.3,126.27 1 1
github.com/tinywasm/binary/reader.go:128.2,128.23 1 1
github.com/tinywasm/binary/reader.go:132.51,135.15 3 1
github.com/tinywasm/binary/reader.go:135.15,137.3 1 1
github.com/tinywasm/binary/reader.go:138.2,138.15 1 1
github.com/tinywasm/binary/reader.go:142.39,145.2 2 1
github.com/tinywasm/binary/reader.go:161.49,163.9 2 1
github.com/tinywasm/binary/reader.go:163.9,165.3 1 1
github.com/tinywasm/binary/reader.go:167.2,169.3 1 1
github.com/tinywasm/binary/reader.go:173.64,177.2 3 1
github.com/tinywasm/binary/reader.go:180.54,182.2 1 1
github.com/tinywasm/binary/reader.go:185.52,187.2 1 1
github.com/tinywasm/binary/scanner.go:12.48,14.2 1 1
github.com/tinywasm/binary/scanner.go:17.46,18.14 1 1
github.com/tinywasm/binary/scanner.go:18.14,20.3 1 1
github.com/tinywasm/binary/scanner.go:23.2,24.79 2 1
github.com/tinywasm/binary/scanner.go:24.79,26.3 1 1
github.com/tinywasm/binary/scanner.go:27.2,27.80 1 1
github.com/tinywasm/binary/scanner.go:27.80,29.3 1 1
github.com/tinywasm/binary/scanner.go:41.2,41.18 1 1
github.com/tinywasm/binary/scanner.go:42.19,45.17 3 1
github.com/tinywasm/binary/scanner.go:45.17,47.4 1 1
github.com/tinywasm/binary/scanner.go:49.3,51.9 1 1
github.com/tinywasm/binary/scanner.go:53.21,56.17 3 1
github.com/tinywasm/binary/scanner.go:56.17,58.4 1 1
github.com/tinywasm/binary/scanner.go:60.3,62.9 1 1
github.com/tinywasm/binary/scanner.go:64.21,69.19 3 1
github.com/tinywasm/binary/scanner.go:70.22,71.35 1 1
github.com/tinywasm/binary/scanner.go:72.21,73.35 1 1
github.com/tinywasm/binary/scanner.go:74.69,75.49 1 1
github.com/tinywasm/binary/scanner.go:76.79,77.48 1 1
github.com/tinywasm/binary/scanner.go:78.20,81.18 3 1
github.com/tinywasm/binary/scanner.go:81.18,83.5 1 1
github.com/tinywasm/binary/scanner.go:85.4,88.10 1 1
github.com/tinywasm/binary/scanner.go:89.11,91.18 2 1
github.com/tinywasm/binary/scanner.go:91.18,93.5 1 1
github.com/tinywasm/binary/scanner.go:95.4,97.10 1 1
github.com/tinywasm/binary/scanner.go:100.22,103.30 3 1
github.com/tinywasm/binary/scanner.go:103.30,106.18 3 1
github.com/tinywasm/binary/scanner.go:106.18,108.5 1 1
github.com/tinywasm/binary/scanner.go:111.4,114.6 1 1
github.com/tinywasm/binary/scanner.go:117.3,117.17 1 1
github.com/tinywasm/binary/scanner.go:119.22,120.31 1 1
github.com/tinywasm/binary/scanner.go:121.20,122.29 1 1
github.com/tinywasm/binary/scanner.go:123.78,124.31 1 1
github.com/tinywasm/binary/scanner.go:125.83,126.32 1 1
github.com/tinywasm/binary/scanner.go:127.23,128.32 1 1
github.com/tinywasm/binary/scanner.go:129.23,130.32 1 1
github.com/tinywasm/binary/scanner.go:131.19,133.17 2 1
github.com/tinywasm/binary/scanner.go:133.17,135.4 1 1
github.com/tinywasm/binary/scanner.go:136.3,137.17 2 1
github.com/tinywasm/binary/scanner.go:137.17,139.4 1 1
github.com/tinywasm/binary/scanner.go:140.3,143.9 1 1
github.com/tinywasm/binary/scanner.go:146.2,146.67 1 1
github.com/tinywasm/binary/scanner.go:154.48,157.33 3 1
github.com/tinywasm/binary/scanner.go:157.33,161.33 2 1
github.com/tinywasm/binary/scanner.go:161.33,167.42 4 1
github.com/tinywasm/binary/scanner.go:167.42,169.5 1 1
github.com/tinywasm/binary/scanner.go:172.2,172.13 1 1
