mode: set
github.com/tinywasm/binary/binary.go:17.30,18.17 1 1
github.com/tinywasm/binary/binary.go:18.17,20.3 1 1
github.com/tinywasm/binary/binary.go:21.2,21.15 1 1
github.com/tinywasm/binary/binary.go:27.38,30.30 2 1
github.com/tinywasm/binary/binary.go:31.15,34.55 3 1
github.com/tinywasm/binary/binary.go:34.55,37.4 2 1
github.com/tinywasm/binary/binary.go:37.9,39.4 1 1
github.com/tinywasm/binary/binary.go:40.17,41.35 1 1
github.com/tinywasm/binary/binary.go:42.10,43.65 1 1
github.com/tinywasm/binary/binary.go:50.38,53.28 2 1
github.com/tinywasm/binary/binary.go:54.14,55.33 1 1
github.com/tinywasm/binary/binary.go:56.17,57.37 1 1
github.com/tinywasm/binary/binary.go:58.10,59.63 1 1
github.com/tinywasm/binary/binary.go:65.34,67.2 1 1
github.com/tinywasm/binary/binary.go:93.41,96.27 2 1
github.com/tinywasm/binary/binary.go:96.27,97.44 1 1
github.com/tinywasm/binary/binary.go:97.44,99.4 1 1
github.com/tinywasm/binary/binary.go:102.2,106.19 3 1
github.com/tinywasm/binary/binary.go:106.19,110.4 1 1
github.com/tinywasm/binary/binary.go:112.2,113.19 1 1
github.com/tinywasm/binary/binary.go:113.19,117.4 1 1
github.com/tinywasm/binary/binary.go:120.2,120.11 1 1
github.com/tinywasm/binary/binary.go:124.61,135.2 5 1
github.com/tinywasm/binary/binary.go:138.59,147.2 5 1
github.com/tinywasm/binary/binary.go:149.63,152.21 2 1
github.com/tinywasm/binary/binary.go:152.21,154.3 1 1
github.com/tinywasm/binary/binary.go:154.8,156.43 1 1
github.com/tinywasm/binary/binary.go:156.43,158.4 1 1
github.com/tinywasm/binary/binary.go:158.9,163.4 1 1
github.com/tinywasm/binary/binary.go:165.2,170.12 4 1
github.com/tinywasm/binary/binary.go:174.62,177.35 3 1
github.com/tinywasm/binary/binary.go:177.35,178.22 1 1
github.com/tinywasm/binary/binary.go:178.22,180.4 1 1
github.com/tinywasm/binary/binary.go:182.2,182.19 1 1
github.com/tinywasm/binary/binary.go:186.60,190.29 3 1
github.com/tinywasm/binary/binary.go:190.29,193.3 1 1
github.com/tinywasm/binary/binary.go:195.2,198.4 1 1
github.com/tinywasm/binary/binary.go:202.64,203.14 1 1
github.com/tinywasm/binary/binary.go:203.14,205.3 1 1
github.com/tinywasm/binary/binary.go:208.2,208.41 1 1
github.com/tinywasm/binary/binary.go:208.41,210.3 1 1
github.com/tinywasm/binary/binary.go:213.2,214.16 2 1
github.com/tinywasm/binary/binary.go:214.16,216.3 1 1
github.com/tinywasm/binary/binary.go:219.2,221.15 2 1
github.com/tinywasm/binary/codecs.go:28.80,29.32 1 1
github.com/tinywasm/binary/codecs.go:29.32,31.3 1 1
github.com/tinywasm/binary/codecs.go:32.2,33.25 2 1
github.com/tinywasm/binary/codecs.go:33.25,36.53 2 1
github.com/tinywasm/binary/codecs.go:36.53,38.4 1 1
github.com/tinywasm/binary/codecs.go:40.2,40.14 1 1
github.com/tinywasm/binary/codecs.go:47.83,49.44 1 1
github.com/tinywasm/binary/codecs.go:49.44,52.3 2 1
github.com/tinywasm/binary/codecs.go:55.2,56.9 2 1
github.com/tinywasm/binary/codecs.go:56.9,57.20 1 1
github.com/tinywasm/binary/codecs.go:57.20,59.4 1 1
github.com/tinywasm/binary/codecs.go:60.3,62.10 3 1
github.com/tinywasm/binary/codecs.go:62.10,64.4 1 1
github.com/tinywasm/binary/codecs.go:67.2,68.16 2 1
github.com/tinywasm/binary/codecs.go:68.16,70.3 1 1
github.com/tinywasm/binary/codecs.go:72.2,73.16 2 1
github.com/tinywasm/binary/codecs.go:73.16,75.3 1 1
github.com/tinywasm/binary/codecs.go:76.2,76.12 1 1
github.com/tinywasm/binary/codecs.go:79.77,82.16 2 1
github.com/tinywasm/binary/codecs.go:82.16,84.3 1 1
github.com/tinywasm/binary/codecs.go:86.2,87.11 2 1
github.com/tinywasm/binary/codecs.go:87.11,89.37 2 1
github.com/tinywasm/binary/codecs.go:89.37,91.4 1 1
github.com/tinywasm/binary/codecs.go:95.2,95.30 1 1
github.com/tinywasm/binary/codecs.go:95.30,96.20 1 1
github.com/tinywasm/binary/codecs.go:96.20,98.4 1 1
github.com/tinywasm/binary/codecs.go:99.3,99.17 1 1
github.com/tinywasm/binary/codecs.go:102.2,102.16 1 1
github.com/tinywasm/binary/codecs.go:102.16,104.3 1 1
github.com/tinywasm/binary/codecs.go:106.2,107.9 2 1
github.com/tinywasm/binary/codecs.go:107.9,109.3 1 1
github.com/tinywasm/binary/codecs.go:111.2,111.29 1 1
github.com/tinywasm/binary/codecs.go:115.80,117.25 2 1
github.com/tinywasm/binary/codecs.go:117.25,120.53 2 1
github.com/tinywasm/binary/codecs.go:120.53,122.4 1 1
github.com/tinywasm/binary/codecs.go:124.2,124.12 1 1
github.com/tinywasm/binary/codecs.go:134.80,135.32 1 1
github.com/tinywasm/binary/codecs.go:135.32,137.3 1 1
github.com/tinywasm/binary/codecs.go:138.2,140.25 3 1
github.com/tinywasm/binary/codecs.go:140.25,144.53 2 1
github.com/tinywasm/binary/codecs.go:144.53,146.4 1 1
github.com/tinywasm/binary/codecs.go:148.2,148.14 1 1
github.com/tinywasm/binary/codecs.go:152.80,154.51 2 1
github.com/tinywasm/binary/codecs.go:154.51,159.31 4 1
github.com/tinywasm/binary/codecs.go:159.31,162.52 3 1
github.com/tinywasm/binary/codecs.go:162.52,164.5 1 1
github.com/tinywasm/binary/codecs.go:167.2,167.12 1 1
github.com/tinywasm/binary/codecs.go:178.85,179.32 1 1
github.com/tinywasm/binary/codecs.go:179.32,181.3 1 1
github.com/tinywasm/binary/codecs.go:182.2,184.25 3 1
github.com/tinywasm/binary/codecs.go:184.25,188.13 4 1
github.com/tinywasm/binary/codecs.go:188.13,190.59 2 1
github.com/tinywasm/binary/codecs.go:190.59,192.5 1 1
github.com/tinywasm/binary/codecs.go:195.2,195.14 1 1
github.com/tinywasm/binary/codecs.go:199.85,202.51 3 1
github.com/tinywasm/binary/codecs.go:202.51,206.31 4 1
github.com/tinywasm/binary/codecs.go:206.31,207.41 1 1
github.com/tinywasm/binary/codecs.go:207.41,208.19 1 1
github.com/tinywasm/binary/codecs.go:208.19,210.6 1 1
github.com/tinywasm/binary/codecs.go:212.5,216.60 4 1
github.com/tinywasm/binary/codecs.go:216.60,218.6 1 1
github.com/tinywasm/binary/codecs.go:220.5,220.20 1 1
github.com/tinywasm/binary/codecs.go:224.2,224.12 1 1
github.com/tinywasm/binary/codecs.go:232.77,236.11 3 1
github.com/tinywasm/binary/codecs.go:236.11,238.3 1 1
github.com/tinywasm/binary/codecs.go:239.2,239.12 1 1
github.com/tinywasm/binary/codecs.go:243.77,244.32 1 1
github.com/tinywasm/binary/codecs.go:244.32,246.3 1 1
github.com/tinywasm/binary/codecs.go:247.2,248.51 2 1
github.com/tinywasm/binary/codecs.go:248.51,250.40 2 1
github.com/tinywasm/binary/codecs.go:250.40,252.4 1 1
github.com/tinywasm/binary/codecs.go:254.2,254.12 1 1
github.com/tinywasm/binary/codecs.go:262.77,265.25 3 1
github.com/tinywasm/binary/codecs.go:265.25,267.3 1 1
github.com/tinywasm/binary/codecs.go:268.2,268.12 1 1
github.com/tinywasm/binary/codecs.go:272.77,273.32 1 1
github.com/tinywasm/binary/codecs.go:273.32,275.3 1 1
github.com/tinywasm/binary/codecs.go:276.2,277.51 2 1
github.com/tinywasm/binary/codecs.go:277.51,280.17 3 1
github.com/tinywasm/binary/codecs.go:280.17,282.4 1 1
github.com/tinywasm/binary/codecs.go:283.3,284.25 2 1
github.com/tinywasm/binary/codecs.go:284.25,286.4 1 1
github.com/tinywasm/binary/codecs.go:287.3,287.33 1 1
github.com/tinywasm/binary/codecs.go:289.2,289.12 1 1
github.com/tinywasm/binary/codecs.go:297.79,298.32 1 1
github.com/tinywasm/binary/codecs.go:298.32,300.3 1 1
github.com/tinywasm/binary/codecs.go:301.2,303.25 3 1
github.com/tinywasm/binary/codecs.go:303.25,307.3 3 1
github.com/tinywasm/binary/codecs.go:308.2,308.14 1 1
github.com/tinywasm/binary/codecs.go:312.79,313.32 1 1
github.com/tinywasm/binary/codecs.go:313.32,315.3 1 1
github.com/tinywasm/binary/codecs.go:316.2,317.51 2 1
github.com/tinywasm/binary/codecs.go:317.51,321.31 4 1
github.com/tinywasm/binary/codecs.go:321.31,323.43 2 1
github.com/tinywasm/binary/codecs.go:323.43,326.5 2 1
github.com/tinywasm/binary/codecs.go:326.10,328.5 1 1
github.com/tinywasm/binary/codecs.go:331.2,331.12 1 1
github.com/tinywasm/binary/codecs.go:339.80,340.32 1 1
github.com/tinywasm/binary/codecs.go:340.32,342.3 1 1
github.com/tinywasm/binary/codecs.go:343.2,345.25 3 1
github.com/tinywasm/binary/codecs.go:345.25,349.3 3 1
github.com/tinywasm/binary/codecs.go:350.2,350.14 1 1
github.com/tinywasm/binary/codecs.go:354.80,355.32 1 1
github.com/tinywasm/binary/codecs.go:355.32,357.3 1 1
github.com/tinywasm/binary/codecs.go:358.2,359.51 2 1
github.com/tinywasm/binary/codecs.go:359.51,363.31 4 1
github.com/tinywasm/binary/codecs.go:363.31,364.44 1 1
github.com/tinywasm/binary/codecs.go:364.44,367.5 2 1
github.com/tinywasm/binary/codecs.go:367.10,369.5 1 1
github.com/tinywasm/binary/codecs.go:372.2,372.12 1 1
github.com/tinywasm/binary/codecs.go:382.82,383.30 1 1
github.com/tinywasm/binary/codecs.go:383.30,385.3 1 1
github.com/tinywasm/binary/codecs.go:387.2,387.16 1 1
github.com/tinywasm/binary/codecs.go:387.16,390.3 2 1
github.com/tinywasm/binary/codecs.go:392.2,394.38 3 1
github.com/tinywasm/binary/codecs.go:398.82,400.16 2 1
github.com/tinywasm/binary/codecs.go:400.16,402.3 1 1
github.com/tinywasm/binary/codecs.go:403.2,403.11 1 1
github.com/tinywasm/binary/codecs.go:403.11,405.3 1 1
github.com/tinywasm/binary/codecs.go:408.2,408.16 1 1
github.com/tinywasm/binary/codecs.go:408.16,414.3 4 1
github.com/tinywasm/binary/codecs.go:416.2,417.38 2 1
github.com/tinywasm/binary/codecs.go:430.80,431.33 1 1
github.com/tinywasm/binary/codecs.go:431.33,433.3 1 1
github.com/tinywasm/binary/codecs.go:434.2,434.22 1 1
github.com/tinywasm/binary/codecs.go:434.22,436.51 2 1
github.com/tinywasm/binary/codecs.go:436.51,438.4 1 1
github.com/tinywasm/binary/codecs.go:440.2,440.14 1 1
github.com/tinywasm/binary/codecs.go:444.80,445.33 1 1
github.com/tinywasm/binary/codecs.go:445.33,447.3 1 1
github.com/tinywasm/binary/codecs.go:449.2,449.31 1 1
github.com/tinywasm/binary/codecs.go:449.31,453.30 2 1
github.com/tinywasm/binary/codecs.go:453.30,455.4 1 1
github.com/tinywasm/binary/codecs.go:458.3,458.19 1 1
github.com/tinywasm/binary/codecs.go:459.20,461.41 1 1
github.com/tinywasm/binary/codecs.go:462.11,466.48 2 1
github.com/tinywasm/binary/codecs.go:469.3,469.17 1 1
github.com/tinywasm/binary/codecs.go:469.17,471.4 1 1
github.com/tinywasm/binary/codecs.go:473.2,473.12 1 1
github.com/tinywasm/binary/codecs.go:481.74,485.2 3 1
github.com/tinywasm/binary/codecs.go:488.74,490.41 2 1
github.com/tinywasm/binary/codecs.go:490.41,492.3 1 1
github.com/tinywasm/binary/codecs.go:493.2,493.12 1 1
github.com/tinywasm/binary/codecs.go:501.72,505.2 3 1
github.com/tinywasm/binary/codecs.go:508.72,510.41 2 1
github.com/tinywasm/binary/codecs.go:510.41,512.3 1 1
github.com/tinywasm/binary/codecs.go:513.2,513.12 1 1
github.com/tinywasm/binary/codecs.go:521.74,525.2 3 1
github.com/tinywasm/binary/codecs.go:528.74,530.41 2 1
github.com/tinywasm/binary/codecs.go:530.41,532.3 1 1
github.com/tinywasm/binary/codecs.go:533.2,534.12 2 1
github.com/tinywasm/binary/codecs.go:542.75,546.2 3 1
github.com/tinywasm/binary/codecs.go:549.75,551.42 2 1
github.com/tinywasm/binary/codecs.go:551.42,553.3 1 1
github.com/tinywasm/binary/codecs.go:554.2,555.12 2 1
github.com/tinywasm/binary/codecs.go:563.75,567.2 3 1
github.com/tinywasm/binary/codecs.go:570.75,572.42 2 1
github.com/tinywasm/binary/codecs.go:572.42,574.3 1 1
github.com/tinywasm/binary/codecs.go:575.2,575.12 1 1
github.com/tinywasm/binary/codecs.go:583.75,587.2 3 1
github.com/tinywasm/binary/codecs.go:590.75,592.42 2 1
github.com/tinywasm/binary/codecs.go:592.42,594.3 1 1
github.com/tinywasm/binary/codecs.go:595.2,595.12 1 1
github.com/tinywasm/binary/convert.go:8.33,10.2 1 1
github.com/tinywasm/binary/convert.go:13.31,19.2 3 1
github.com/tinywasm/binary/convert.go:21.38,23.2 1 1
github.com/tinywasm/binary/convert.go:25.38,27.2 1 1
github.com/tinywasm/binary/decoder.go:20.39,24.2 1 1
github.com/tinywasm/binary/decoder.go:27.45,30.14 3 1
github.com/tinywasm/binary/decoder.go:30.14,32.3 1 1
github.com/tinywasm/binary/decoder.go:35.2,36.51 2 1
github.com/tinywasm/binary/decoder.go:36.51,38.3 1 1
github.com/tinywasm/binary/decoder.go:40.2,40.8 1 1
github.com/tinywasm/binary/decoder.go:44.47,46.2 1 1
github.com/tinywasm/binary/decoder.go:49.49,51.2 1 1
github.com/tinywasm/binary/decoder.go:54.47,56.2 1 1
github.com/tinywasm/binary/decoder.go:59.56,61.44 2 1
github.com/tinywasm/binary/decoder.go:61.44,64.3 2 1
github.com/tinywasm/binary/decoder.go:65.2,65.8 1 1
github.com/tinywasm/binary/decoder.go:69.56,71.44 2 1
github.com/tinywasm/binary/decoder.go:71.44,74.3 2 1
github.com/tinywasm/binary/decoder.go:75.2,75.8 1 1
github.com/tinywasm/binary/decoder.go:79.56,81.44 2 1
github.com/tinywasm/binary/decoder.go:81.44,85.3 2 1
github.com/tinywasm/binary/decoder.go:86.2,86.8 1 1
github.com/tinywasm/binary/decoder.go:90.58,92.41 2 1
github.com/tinywasm/binary/decoder.go:92.41,94.3 1 1
github.com/tinywasm/binary/decoder.go:95.2,95.8 1 1
github.com/tinywasm/binary/decoder.go:99.58,101.41 2 1
github.com/tinywasm/binary/decoder.go:101.41,103.3 1 1
github.com/tinywasm/binary/decoder.go:104.2,104.8 1 1
github.com/tinywasm/binary/decoder.go:108.44,111.2 2 1
github.com/tinywasm/binary/decoder.go:114.56,116.40 2 1
github.com/tinywasm/binary/decoder.go:116.40,118.3 1 1
github.com/tinywasm/binary/decoder.go:119.2,119.8 1 1
github.com/tinywasm/binary/decoder.go:126.48,128.2 1 1
github.com/tinywasm/binary/decoder.go:132.53,134.42 2 1
github.com/tinywasm/binary/decoder.go:134.42,136.3 1 1
github.com/tinywasm/binary/decoder.go:137.2,137.8 1 1
github.com/tinywasm/binary/decoder.go:141.52,142.21 1 1
github.com/tinywasm/binary/decoder.go:142.21,144.3 1 1
github.com/tinywasm/binary/decoder.go:144.8,145.44 1 1
github.com/tinywasm/binary/decoder.go:145.44,147.4 1 1
github.com/tinywasm/binary/decoder.go:147.9,149.4 1 1
github.com/tinywasm/binary/decoder.go:151.2,151.11 1 1
github.com/tinywasm/binary/decoder.go:155.62,156.17 1 1
github.com/tinywasm/binary/decoder.go:156.17,158.3 1 1
github.com/tinywasm/binary/decoder.go:161.2,161.28 1 1
github.com/tinywasm/binary/encoder.go:22.41,26.2 1 1
github.com/tinywasm/binary/encoder.go:29.54,33.2 3 1
github.com/tinywasm/binary/encoder.go:36.38,38.2 1 1
github.com/tinywasm/binary/encoder.go:41.45,42.14 1 1
github.com/tinywasm/binary/encoder.go:42.14,44.3 1 1
github.com/tinywasm/binary/encoder.go:47.2,51.45 4 1
github.com/tinywasm/binary/encoder.go:51.45,53.3 1 1
github.com/tinywasm/binary/encoder.go:56.2,56.16 1 1
github.com/tinywasm/binary/encoder.go:56.16,58.3 1 1
github.com/tinywasm/binary/encoder.go:59.2,59.8 1 1
github.com/tinywasm/binary/encoder.go:63.35,64.18 1 1
github.com/tinywasm/binary/encoder.go:64.18,66.3 1 1
github.com/tinywasm/binary/encoder.go:70.40,72.11 2 1
github.com/tinywasm/binary/encoder.go:72.11,74.3 1 1
github.com/tinywasm/binary/encoder.go:76.2,77.16 2 1
github.com/tinywasm/binary/encoder.go:77.16,81.3 3 1
github.com/tinywasm/binary/encoder.go:82.2,83.30 2 1
github.com/tinywasm/binary/encoder.go:87.42,89.16 2 1
github.com/tinywasm/binary/encoder.go:89.16,93.3 3 1
github.com/tinywasm/binary/encoder.go:94.2,95.30 2 1
github.com/tinywasm/binary/encoder.go:99.41,103.2 3 1
github.com/tinywasm/binary/encoder.go:106.41,112.2 5 1
github.com/tinywasm/binary/encoder.go:115.41,125.2 9 1
github.com/tinywasm/binary/encoder.go:128.43,130.2 1 1
github.com/tinywasm/binary/encoder.go:133.43,135.2 1 1
github.com/tinywasm/binary/encoder.go:138.37,140.7 2 1
github.com/tinywasm/binary/encoder.go:140.7,142.3 1 1
github.com/tinywasm/binary/encoder.go:143.2,143.24 1 1
github.com/tinywasm/binary/encoder.go:147.41,150.2 2 1
github.com/tinywasm/binary/encoder.go:153.62,154.17 1 1
github.com/tinywasm/binary/encoder.go:154.17,156.3 1 1
github.com/tinywasm/binary/encoder.go:159.2,159.28 1 1
github.com/tinywasm/binary/reader.go:29.36,30.23 1 1
github.com/tinywasm/binary/reader.go:31.11,32.29 1 1
github.com/tinywasm/binary/reader.go:33.21,34.35 1 1
github.com/tinywasm/binary/reader.go:35.20,36.11 1 1
github.com/tinywasm/binary/reader.go:37.10,39.10 2 1
github.com/tinywasm/binary/reader.go:39.10,41.4 1 1
github.com/tinywasm/binary/reader.go:42.3,42.13 1 1
github.com/tinywasm/binary/reader.go:55.44,57.2 1 1
github.com/tinywasm/binary/reader.go:61.33,62.38 1 1
github.com/tinywasm/binary/reader.go:62.38,64.3 1 1
github.com/tinywasm/binary/reader.go:65.2,65.45 1 1
github.com/tinywasm/binary/reader.go:72.36,72.67 1 1
github.com/tinywasm/binary/reader.go:75.57,76.38 1 1
github.com/tinywasm/binary/reader.go:76.38,78.3 1 1
github.com/tinywasm/binary/reader.go:80.2,82.8 3 1
github.com/tinywasm/binary/reader.go:86.48,87.38 1 1
github.com/tinywasm/binary/reader.go:87.38,89.3 1 1
github.com/tinywasm/binary/reader.go:91.2,93.15 3 1
github.com/tinywasm/binary/reader.go:100.52,101.46 1 1
github.com/tinywasm/binary/reader.go:101.46,103.3 1 1
github.com/tinywasm/binary/reader.go:105.2,107.36 3 1
github.com/tinywasm/binary/reader.go:111.53,113.41 2 1
github.com/tinywasm/binary/reader.go:113.41,114.39 1 1
github.com/tinywasm/binary/reader.go:114.39,116.4 1 1
github.com/tinywasm/binary/reader.go:118.3,120.15 3 1
github.com/tinywasm/binary/reader.go:120.15,121.38 1 1
github.com/tinywasm/binary/reader.go:121.38,123.5 1 1
github.com/tinywasm/binary/reader.go:124.4,124.32 1 1
github.com/tinywasm/binary/reader.go:126.3,126.27 1 1
github.com/tinywasm/binary/reader.go:128.2,128.23 1 1
github.com/tinywasm/binary/reader.go:132.51,135.15 3 1
github.com/tinywasm/binary/reader.go:135.15,137.3 1 1
github.com/tinywasm/binary/reader.go:138.2,138.15 1 1
github.com/tinywasm/binary/reader.go:142.39,145.2 2 1
github.com/tinywasm/binary/reader.go:162.49,164.9 2 1
github.com/tinywasm/binary/reader.go:164.9,166.3 1 1
github.com/tinywasm/binary/reader.go:168.2,170.3 1 1
github.com/tinywasm/binary/reader.go:174.64,175.13 1 1
github.com/tinywasm/binary/reader.go:175.13,177.3 1 1
github.com/tinywasm/binary/reader.go:177.8,179.3 1 1
github.com/tinywasm/binary/reader.go:181.2,182.8 2 1
github.com/tinywasm/binary/reader.go:186.54,188.2 1 1
github.com/tinywasm/binary/reader.go:191.52,193.2 1 1
github.com/tinywasm/binary/scanner.go:12.71,13.31 1 1
github.com/tinywasm/binary/scanner.go:13.31,14.22 1 1
github.com/tinywasm/binary/scanner.go:14.22,16.4 1 1
github.com/tinywasm/binary/scanner.go:19.2,20.16 2 1
github.com/tinywasm/binary/scanner.go:20.16,22.3 1 1
github.com/tinywasm/binary/scanner.go:24.2,28.15 2 1
github.com/tinywasm/binary/scanner.go:32.48,34.2 1 1
github.com/tinywasm/binary/scanner.go:37.46,38.14 1 1
github.com/tinywasm/binary/scanner.go:38.14,40.3 1 1
github.com/tinywasm/binary/scanner.go:43.2,44.79 2 1
github.com/tinywasm/binary/scanner.go:44.79,46.3 1 1
github.com/tinywasm/binary/scanner.go:47.2,47.80 1 1
github.com/tinywasm/binary/scanner.go:47.80,49.3 1 1
github.com/tinywasm/binary/scanner.go:61.2,61.18 1 1
github.com/tinywasm/binary/scanner.go:62.19,65.17 3 1
github.com/tinywasm/binary/scanner.go:65.17,67.4 1 1
github.com/tinywasm/binary/scanner.go:69.3,71.9 1 1
github.com/tinywasm/binary/scanner.go:73.21,76.17 3 1
github.com/tinywasm/binary/scanner.go:76.17,78.4 1 1
github.com/tinywasm/binary/scanner.go:80.3,82.9 1 1
github.com/tinywasm/binary/scanner.go:84.21,89.19 3 1
github.com/tinywasm/binary/scanner.go:90.22,91.35 1 1
github.com/tinywasm/binary/scanner.go:92.21,93.35 1 1
github.com/tinywasm/binary/scanner.go:94.69,95.38 1 1
github.com/tinywasm/binary/scanner.go:96.79,97.37 1 1
github.com/tinywasm/binary/scanner.go:98.20,101.18 3 1
github.com/tinywasm/binary/scanner.go:101.18,103.5 1 1
github.com/tinywasm/binary/scanner.go:105.4,108.10 1 1
github.com/tinywasm/binary/scanner.go:109.11,111.18 2 1
github.com/tinywasm/binary/scanner.go:111.18,113.5 1 1
github.com/tinywasm/binary/scanner.go:115.4,117.10 1 1
github.com/tinywasm/binary/scanner.go:120.22,123.30 3 1
github.com/tinywasm/binary/scanner.go:123.30,126.18 3 1
github.com/tinywasm/binary/scanner.go:126.18,128.5 1 1
github.com/tinywasm/binary/scanner.go:131.4,134.6 1 1
github.com/tinywasm/binary/scanner.go:137.3,137.17 1 1
github.com/tinywasm/binary/scanner.go:139.22,140.31 1 1
github.com/tinywasm/binary/scanner.go:141.20,142.29 1 1
github.com/tinywasm/binary/scanner.go:143.78,144.31 1 1
github.com/tinywasm/binary/scanner.go:145.83,146.32 1 1
github.com/tinywasm/binary/scanner.go:147.23,148.32 1 1
github.com/tinywasm/binary/scanner.go:149.23,150.32 1 1
github.com/tinywasm/binary/scanner.go:153.2,153.67 1 1
github.com/tinywasm/binary/scanner.go:161.48,164.33 3 1
github.com/tinywasm/binary/scanner.go:164.33,168.24 2 1
github.com/tinywasm/binary/scanner.go:168.24,171.32 2 1
github.com/tinywasm/binary/scanner.go:171.32,173.5 1 1
github.com/tinywasm/binary/scanner.go:176.2,176.13 1 1
